-------------------------------------------------------------------------------
Test set: ciexample.CalculadoraTest
-------------------------------------------------------------------------------
Tests run: 1, Failures: 1, Errors: 0, Skipped: 0, Time elapsed: 0.02 s <<< FAILURE! - in ciexample.CalculadoraTest
deveriaSomarDoisNumeroPositivos  Time elapsed: 0.018 s  <<< FAILURE!
org.opentest4j.AssertionFailedError: expected: <11> but was: <10>
	at ciexample.CalculadoraTest.deveriaSomarDoisNumeroPositivos(CalculadoraTest.java:19)

