<?xml version="1.0" encoding="UTF-8"?>
<testsuite xmlns:xsi="http://www.w3.org/2001/XMLSchema-instance" xsi:noNamespaceSchemaLocation="https://maven.apache.org/surefire/maven-surefire-plugin/xsd/surefire-test-report.xsd" name="ciexample.CalculadoraTest" time="0.02" tests="1" errors="0" skipped="0" failures="1">
  <properties>
[...]
</properties>
  <testcase name="deveriaSomarDoisNumeroPositivos" classname="ciexample.CalculadoraTest" time="0.018">
    <failure message="expected: &lt;11&gt; but was: &lt;10&gt;" type="org.opentest4j.AssertionFailedError"><![CDATA[org.opentest4j.AssertionFailedError: expected: <11> but was: <10>
	at ciexample.CalculadoraTest.deveriaSomarDoisNumeroPositivos(CalculadoraTest.java:19)
]]></failure>
  </testcase>
</testsuite>